<?xml version="1.0" encoding="UTF-8"?>
<!-- Generated by org.testng.reporters.JUnitXMLReporter -->
<testsuite ignored="0" hostname="HP_VICTUS_BABI" failures="8" tests="40" name="Test" time="0.167" errors="0" timestamp="2025-05-11T20:54:06 IST">
  <testcase classname="testcases.QaLegendTeamMemberTest" name="addTeamMember" time="0.012">
    <skipped/>
  </testcase> <!-- addTeamMember -->
  <testcase classname="testcases.QaLegendTeamMemberTest" name="addTeamMember" time="0.002">
    <skipped/>
  </testcase> <!-- addTeamMember -->
  <testcase classname="testcases.QaLegendTeamMemberTest" name="addTeamMember" time="0.003">
    <skipped/>
  </testcase> <!-- addTeamMember -->
  <testcase classname="testcases.QaLegendTeamMemberTest" name="addTeamMember" time="0.002">
    <skipped/>
  </testcase> <!-- addTeamMember -->
  <testcase classname="testcases.QaLegendTeamMemberTest" name="addTeamMember" time="0.002">
    <failure type="java.lang.NullPointerException" message="Cannot invoke &amp;quot;java.util.Properties.getProperty(String)&amp;quot; because &amp;quot;this.prop&amp;quot; is null">
      <![CDATA[java.lang.NullPointerException: Cannot invoke "java.util.Properties.getProperty(String)" because "this.prop" is null
at testcases.QaLegendTeamMemberTest.addTeamMember(QaLegendTeamMemberTest.java:65)
at java.base/java.util.ArrayList.forEach(ArrayList.java:1597)
... Removed 25 stack frames]]>
    </failure>
  </testcase> <!-- addTeamMember -->
  <testcase classname="testcases.QaLegendTeamMemberTest" name="deleteTeamMember" time="0.001">
    <skipped/>
  </testcase> <!-- deleteTeamMember -->
  <testcase classname="testcases.QaLegendTeamMemberTest" name="deleteTeamMember" time="0.002">
    <skipped/>
  </testcase> <!-- deleteTeamMember -->
  <testcase classname="testcases.QaLegendTeamMemberTest" name="deleteTeamMember" time="0.001">
    <skipped/>
  </testcase> <!-- deleteTeamMember -->
  <testcase classname="testcases.QaLegendTeamMemberTest" name="deleteTeamMember" time="0.002">
    <skipped/>
  </testcase> <!-- deleteTeamMember -->
  <testcase classname="testcases.QaLegendTeamMemberTest" name="deleteTeamMember" time="0.001">
    <failure type="java.lang.NullPointerException" message="Cannot invoke &amp;quot;java.util.Properties.getProperty(String)&amp;quot; because &amp;quot;this.prop&amp;quot; is null">
      <![CDATA[java.lang.NullPointerException: Cannot invoke "java.util.Properties.getProperty(String)" because "this.prop" is null
at testcases.QaLegendTeamMemberTest.deleteTeamMember(QaLegendTeamMemberTest.java:80)
at java.base/java.util.ArrayList.forEach(ArrayList.java:1597)
... Removed 25 stack frames]]>
    </failure>
  </testcase> <!-- deleteTeamMember -->
  <testcase classname="testcases.QaLegendTeamMemberTest" name="addNewNote" time="0.001">
    <skipped/>
  </testcase> <!-- addNewNote -->
  <testcase classname="testcases.QaLegendTeamMemberTest" name="addNewNote" time="0.001">
    <skipped/>
  </testcase> <!-- addNewNote -->
  <testcase classname="testcases.QaLegendTeamMemberTest" name="addNewNote" time="0.002">
    <skipped/>
  </testcase> <!-- addNewNote -->
  <testcase classname="testcases.QaLegendTeamMemberTest" name="addNewNote" time="0.002">
    <skipped/>
  </testcase> <!-- addNewNote -->
  <testcase classname="testcases.QaLegendTeamMemberTest" name="addNewNote" time="0.001">
    <failure type="java.lang.NullPointerException" message="Cannot invoke &amp;quot;java.util.Properties.getProperty(String)&amp;quot; because &amp;quot;this.prop&amp;quot; is null">
      <![CDATA[java.lang.NullPointerException: Cannot invoke "java.util.Properties.getProperty(String)" because "this.prop" is null
at testcases.QaLegendTeamMemberTest.addNewNote(QaLegendTeamMemberTest.java:101)
at java.base/java.util.ArrayList.forEach(ArrayList.java:1597)
... Removed 25 stack frames]]>
    </failure>
  </testcase> <!-- addNewNote -->
  <testcase classname="testcases.QaLegendTeamMemberTest" name="addItems" time="0.001">
    <skipped/>
  </testcase> <!-- addItems -->
  <testcase classname="testcases.QaLegendTeamMemberTest" name="addItems" time="0.001">
    <skipped/>
  </testcase> <!-- addItems -->
  <testcase classname="testcases.QaLegendTeamMemberTest" name="addItems" time="0.001">
    <skipped/>
  </testcase> <!-- addItems -->
  <testcase classname="testcases.QaLegendTeamMemberTest" name="addItems" time="0.001">
    <skipped/>
  </testcase> <!-- addItems -->
  <testcase classname="testcases.QaLegendTeamMemberTest" name="addItems" time="0.001">
    <failure type="java.lang.NullPointerException" message="Cannot invoke &amp;quot;java.util.Properties.getProperty(String)&amp;quot; because &amp;quot;this.prop&amp;quot; is null">
      <![CDATA[java.lang.NullPointerException: Cannot invoke "java.util.Properties.getProperty(String)" because "this.prop" is null
at testcases.QaLegendTeamMemberTest.addItems(QaLegendTeamMemberTest.java:116)
at java.base/java.util.ArrayList.forEach(ArrayList.java:1597)
... Removed 25 stack frames]]>
    </failure>
  </testcase> <!-- addItems -->
  <testcase classname="testcases.QaLegendTeamMemberTest" name="deleteItem" time="0.001">
    <skipped/>
  </testcase> <!-- deleteItem -->
  <testcase classname="testcases.QaLegendTeamMemberTest" name="deleteItem" time="0.001">
    <skipped/>
  </testcase> <!-- deleteItem -->
  <testcase classname="testcases.QaLegendTeamMemberTest" name="deleteItem" time="0.001">
    <skipped/>
  </testcase> <!-- deleteItem -->
  <testcase classname="testcases.QaLegendTeamMemberTest" name="deleteItem" time="0.001">
    <skipped/>
  </testcase> <!-- deleteItem -->
  <testcase classname="testcases.QaLegendTeamMemberTest" name="deleteItem" time="0.001">
    <failure type="java.lang.NullPointerException" message="Cannot invoke &amp;quot;java.util.Properties.getProperty(String)&amp;quot; because &amp;quot;this.prop&amp;quot; is null">
      <![CDATA[java.lang.NullPointerException: Cannot invoke "java.util.Properties.getProperty(String)" because "this.prop" is null
at testcases.QaLegendTeamMemberTest.deleteItem(QaLegendTeamMemberTest.java:132)
at java.base/java.util.ArrayList.forEach(ArrayList.java:1597)
... Removed 25 stack frames]]>
    </failure>
  </testcase> <!-- deleteItem -->
  <testcase classname="testcases.QaLegendTicketTest" name="addTicket" time="0.001">
    <skipped/>
  </testcase> <!-- addTicket -->
  <testcase classname="testcases.QaLegendTicketTest" name="addTicket" time="0.001">
    <skipped/>
  </testcase> <!-- addTicket -->
  <testcase classname="testcases.QaLegendTicketTest" name="addTicket" time="0.001">
    <skipped/>
  </testcase> <!-- addTicket -->
  <testcase classname="testcases.QaLegendTicketTest" name="addTicket" time="0.0">
    <skipped/>
  </testcase> <!-- addTicket -->
  <testcase classname="testcases.QaLegendTicketTest" name="addTicket" time="0.0">
    <failure type="java.lang.NullPointerException" message="Cannot invoke &amp;quot;java.util.Properties.getProperty(String)&amp;quot; because &amp;quot;this.prop&amp;quot; is null">
      <![CDATA[java.lang.NullPointerException: Cannot invoke "java.util.Properties.getProperty(String)" because "this.prop" is null
at testcases.QaLegendTicketTest.addTicket(QaLegendTicketTest.java:46)
at java.base/java.util.ArrayList.forEach(ArrayList.java:1597)
... Removed 25 stack frames]]>
    </failure>
  </testcase> <!-- addTicket -->
  <testcase classname="testcases.QaLegendTicketTest" name="deleteTicket" time="0.0">
    <skipped/>
  </testcase> <!-- deleteTicket -->
  <testcase classname="testcases.QaLegendTicketTest" name="deleteTicket" time="0.002">
    <skipped/>
  </testcase> <!-- deleteTicket -->
  <testcase classname="testcases.QaLegendTicketTest" name="deleteTicket" time="0.001">
    <skipped/>
  </testcase> <!-- deleteTicket -->
  <testcase classname="testcases.QaLegendTicketTest" name="deleteTicket" time="0.001">
    <skipped/>
  </testcase> <!-- deleteTicket -->
  <testcase classname="testcases.QaLegendTicketTest" name="deleteTicket" time="0.0">
    <failure type="java.lang.NullPointerException" message="Cannot invoke &amp;quot;java.util.Properties.getProperty(String)&amp;quot; because &amp;quot;this.prop&amp;quot; is null">
      <![CDATA[java.lang.NullPointerException: Cannot invoke "java.util.Properties.getProperty(String)" because "this.prop" is null
at testcases.QaLegendTicketTest.deleteTicket(QaLegendTicketTest.java:62)
at java.base/java.util.ArrayList.forEach(ArrayList.java:1597)
... Removed 25 stack frames]]>
    </failure>
  </testcase> <!-- deleteTicket -->
  <testcase classname="testcases.QaLegendTicketTest" name="editTicket" time="0.0">
    <skipped/>
  </testcase> <!-- editTicket -->
  <testcase classname="testcases.QaLegendTicketTest" name="editTicket" time="0.0">
    <skipped/>
  </testcase> <!-- editTicket -->
  <testcase classname="testcases.QaLegendTicketTest" name="editTicket" time="0.0">
    <skipped/>
  </testcase> <!-- editTicket -->
  <testcase classname="testcases.QaLegendTicketTest" name="editTicket" time="0.0">
    <skipped/>
  </testcase> <!-- editTicket -->
  <testcase classname="testcases.QaLegendTicketTest" name="editTicket" time="0.001">
    <failure type="java.lang.NullPointerException" message="Cannot invoke &amp;quot;java.util.Properties.getProperty(String)&amp;quot; because &amp;quot;this.prop&amp;quot; is null">
      <![CDATA[java.lang.NullPointerException: Cannot invoke "java.util.Properties.getProperty(String)" because "this.prop" is null
at testcases.QaLegendTicketTest.editTicket(QaLegendTicketTest.java:81)
at java.base/java.util.ArrayList.forEach(ArrayList.java:1597)
... Removed 25 stack frames]]>
    </failure>
  </testcase> <!-- editTicket -->
</testsuite> <!-- Test -->
