<?xml version="1.0" encoding="UTF-8"?>
<!-- Generated by org.testng.reporters.JUnitXMLReporter -->
<testsuite ignored="0" hostname="HP_VICTUS_BABI" failures="0" tests="7" name="Test" time="60.159" errors="0" timestamp="2025-05-12T07:46:45 IST">
  <testcase classname="testcases.QaLegendTeamMemberTest" name="addTeamMember" time="8.635"/>
  <testcase classname="testcases.QaLegendTeamMemberTest" name="deleteTeamMember" time="7.401"/>
  <testcase classname="testcases.QaLegendTeamMemberTest" name="addNewNote" time="3.539"/>
  <testcase classname="testcases.QaLegendTeamMemberTest" name="addItems" time="3.522"/>
  <testcase classname="testcases.QaLegendTicketTest" name="addTicket" time="6.412"/>
  <testcase classname="testcases.QaLegendTicketTest" name="deleteTicket" time="5.998"/>
  <testcase classname="testcases.QaLegendTicketTest" name="editTicket" time="9.143"/>
</testsuite> <!-- Test -->
