<?xml version="1.0" encoding="UTF-8"?>
<testng-results ignored="3" total="4" passed="1" failed="0" skipped="0">
  <reporter-output>
  </reporter-output>
  <suite started-at="2025-05-11T19:59:06 IST" name="Suite" finished-at="2025-05-11T19:59:17 IST" duration-ms="11080">
    <groups>
    </groups>
    <test started-at="2025-05-11T19:59:06 IST" name="Test" finished-at="2025-05-11T19:59:17 IST" duration-ms="11080">
      <class name="testcases.QaLegendTeamMemberTest">
        <test-method is-config="true" signature="initialisation(java.lang.String)[pri:0, instance:testcases.QaLegendTeamMemberTest@20435c40]" started-at="2025-05-11T19:59:06 IST" name="initialisation" finished-at="2025-05-11T19:59:08 IST" duration-ms="2201" status="PASS">
          <params>
            <param index="0">
              <value>
                <![CDATA[chrome]]>
              </value>
            </param>
          </params>
          <reporter-output>
          </reporter-output>
        </test-method> <!-- initialisation -->
        <test-method signature="deleteTeamMember()[pri:0, instance:testcases.QaLegendTeamMemberTest@20435c40]" started-at="2025-05-11T19:59:08 IST" name="deleteTeamMember" finished-at="2025-05-11T19:59:17 IST" duration-ms="8839" status="PASS">
          <reporter-output>
          </reporter-output>
        </test-method> <!-- deleteTeamMember -->
        <test-method is-config="true" signature="afterMethod(org.testng.ITestResult)[pri:0, instance:testcases.QaLegendTeamMemberTest@20435c40]" started-at="2025-05-11T19:59:17 IST" name="afterMethod" finished-at="2025-05-11T19:59:17 IST" duration-ms="0" status="PASS">
          <params>
            <param index="0">
              <value>
                <![CDATA[[TestResult name=deleteTeamMember status=SUCCESS method=QaLegendTeamMemberTest.deleteTeamMember()[pri:0, instance:testcases.QaLegendTeamMemberTest@20435c40] output={null}]]]>
              </value>
            </param>
          </params>
          <reporter-output>
          </reporter-output>
        </test-method> <!-- afterMethod -->
      </class> <!-- testcases.QaLegendTeamMemberTest -->
    </test> <!-- Test -->
  </suite> <!-- Suite -->
</testng-results>
